C51 COMPILER V9.00   GPS                                                                   04/20/2015 19:19:02 PAGE 1   


C51 COMPILER V9.00, COMPILATION OF MODULE GPS
OBJECT MODULE PLACED IN GPS.OBJ
COMPILER INVOKED BY: E:\2.DevelopSoft\Keil\C51\BIN\C51.EXE GPS.c BROWSE DEBUG OBJECTEXTEND

line level    source

   1          #include "GPS.h"
   2          
   3          unsigned char RX_Buffer[68];
   4          unsigned char RX_Count = 0;
   5          unsigned char Hour = 0,Min_High = 0,Min_Low = 0,Sec_High = 0,Sec_Low = 0;
   6          unsigned char Month = 0,Day = 0,Month_High = 0, Month_Low = 0,Day_Low = 0 ,Day_High = 0, Year_High = 0,Yea
             -r_Low = 0;
   7          unsigned int Year = 0;
   8          bit Flag_GPS_OK = 0;
   9          unsigned char MaxDay = 0;
  10          
  11          void Uart_Init()                                                                   
  12          {
  13   1              SCON = 0X50;  //UART方式1；8位UART
  14   1              REN  = 1;     //允许串行口接收数据
  15   1              PCON = 0x00;  //SMOD=0;波特率不加倍
  16   1              TMOD = 0x20;  //T1方式2，用于产生波特率
  17   1              TH1  = 0xFD;  //装初值
  18   1              TL1  = 0xFD;
  19   1              TR1  = 1;     //启动定时器1
  20   1              EA   = 1;     //打开全局中断控制
  21   1              ES   = 1;     //打开串行口中断  
  22   1      }
  23          
  24          
  25          void RECEIVE_DATA(void) interrupt 4 using 3                     
  26          { 
  27   1              unsigned char temp = 0;
  28   1              ES=0;
  29   1              temp = SBUF;
  30   1              RI = 0;
  31   1      //      LED1 = ~LED1;
  32   1              
  33   1              if(temp == '$')
  34   1              {
  35   2                      RX_Count = 0;
  36   2                      Flag_GPS_OK = 0;                
  37   2              }
  38   1      
  39   1              RX_Buffer[RX_Count++] = temp;
  40   1      
  41   1              if(RX_Count >= 59)
  42   1              {
  43   2                      RX_Count = 59;
  44   2                      Flag_GPS_OK = 1;                
  45   2              }
  46   1      
  47   1              ES=1; 
  48   1      }
  49          
  50          
  51          
  52          
  53          
  54          
C51 COMPILER V9.00   GPS                                                                   04/20/2015 19:19:02 PAGE 2   

  55          
  56          
  57          
  58          
  59          
  60          
  61          
  62          
  63          
  64          
  65          
  66          
  67          
  68          
  69          
  70          
  71          
  72          


MODULE INFORMATION:   STATIC OVERLAYABLE
   CODE SIZE        =     74    ----
   CONSTANT SIZE    =   ----    ----
   XDATA SIZE       =   ----    ----
   PDATA SIZE       =   ----    ----
   DATA SIZE        =     85    ----
   IDATA SIZE       =   ----    ----
   BIT SIZE         =      1    ----
END OF MODULE INFORMATION.


C51 COMPILATION COMPLETE.  0 WARNING(S),  0 ERROR(S)
